c:\users\keyser soze\net_comp\lab1_intro\lab1_intro\debug\vc141.pdb
c:\users\keyser soze\net_comp\lab1_intro\lab1_intro\debug\lab1_intro.obj
c:\users\keyser soze\net_comp\lab1_intro\lab1_intro\debug\assemblyinfo.obj
c:\users\keyser soze\net_comp\lab1_intro\lab1_intro\debug\.netframework,version=v4.6.1.assemblyattributes.obj
c:\users\keyser soze\net_comp\lab1_intro\lab1_intro\debug\.netframework,version=v4.6.1.assemblyattributes.asm
c:\users\keyser soze\net_comp\lab1_intro\lab1_intro\debug\person2.obj
c:\users\keyser soze\net_comp\lab1_intro\lab1_intro\debug\person1.obj
c:\users\keyser soze\net_comp\lab1_intro\lab1_intro\debug\lab1_intro.pch
c:\users\keyser soze\net_comp\lab1_intro\lab1_intro\debug\stdafx.obj
c:\users\keyser soze\net_comp\lab1_intro\lab1_intro\debug\student.obj
c:\users\keyser soze\net_comp\lab1_intro\debug\lab1_intro.exe
c:\users\keyser soze\net_comp\lab1_intro\debug\lab1_intro.pdb
c:\users\keyser soze\net_comp\lab1_intro\lab1_intro\debug\app.res
c:\users\keyser soze\net_comp\lab1_intro\lab1_intro\debug\lab1_intro.vcxprojassemblyreference.cache
c:\users\keyser soze\net_comp\lab1_intro\lab1_intro\debug\lab1_intro.tlog\cl.command.1.tlog
c:\users\keyser soze\net_comp\lab1_intro\lab1_intro\debug\lab1_intro.tlog\cl.read.1.tlog
c:\users\keyser soze\net_comp\lab1_intro\lab1_intro\debug\lab1_intro.tlog\cl.write.1.tlog
c:\users\keyser soze\net_comp\lab1_intro\lab1_intro\debug\lab1_intro.tlog\link.command.1.tlog
c:\users\keyser soze\net_comp\lab1_intro\lab1_intro\debug\lab1_intro.tlog\link.read.1.tlog
c:\users\keyser soze\net_comp\lab1_intro\lab1_intro\debug\lab1_intro.tlog\link.write.1.tlog
c:\users\keyser soze\net_comp\lab1_intro\lab1_intro\debug\lab1_intro.tlog\metagen.read.1.tlog
c:\users\keyser soze\net_comp\lab1_intro\lab1_intro\debug\lab1_intro.tlog\metagen.write.1.tlog
c:\users\keyser soze\net_comp\lab1_intro\lab1_intro\debug\lab1_intro.tlog\rc.command.1.tlog
c:\users\keyser soze\net_comp\lab1_intro\lab1_intro\debug\lab1_intro.tlog\rc.read.1.tlog
c:\users\keyser soze\net_comp\lab1_intro\lab1_intro\debug\lab1_intro.tlog\rc.write.1.tlog
